Traceback (most recent call last):
  File "trainModel.py", line 66, in <module>
    main()
  File "trainModel.py", line 51, in main
    val_x, val_y_guess, val_y_x, val_y_y = buildData(val_data)
  File "trainModel.py", line 15, in buildData
    img = cv2.resize(img, (256,256))/255.0
cv2.error: OpenCV(4.4.0) C:\Users\appveyor\AppData\Local\Temp\1\pip-req-build-wwma2wne\opencv\modules\imgproc\src\resize.cpp:3929: error: (-215:Assertion failed) !ssize.empty() in function 'cv::resize'

